{"/Users/lukaszsemik/Desktop/cash-organizer/app/src/helper-functions/checkWhen.js": {"path":"/Users/lukaszsemik/Desktop/cash-organizer/app/src/helper-functions/checkWhen.js","statementMap":{"0":{"start":{"line":4,"column":25},"end":{"line":73,"column":1}},"1":{"start":{"line":6,"column":23},"end":{"line":6,"column":43}},"2":{"start":{"line":7,"column":22},"end":{"line":7,"column":45}},"3":{"start":{"line":8,"column":29},"end":{"line":8,"column":69}},"4":{"start":{"line":10,"column":2},"end":{"line":72,"column":3}},"5":{"start":{"line":11,"column":26},"end":{"line":11,"column":65}},"6":{"start":{"line":14,"column":4},"end":{"line":23,"column":5}},"7":{"start":{"line":16,"column":6},"end":{"line":16,"column":65}},"8":{"start":{"line":19,"column":22},"end":{"line":19,"column":54}},"9":{"start":{"line":20,"column":21},"end":{"line":20,"column":87}},"10":{"start":{"line":21,"column":6},"end":{"line":21,"column":64}},"11":{"start":{"line":22,"column":6},"end":{"line":22,"column":65}},"12":{"start":{"line":24,"column":4},"end":{"line":24,"column":29}},"13":{"start":{"line":25,"column":34},"end":{"line":25,"column":80}},"14":{"start":{"line":26,"column":4},"end":{"line":29,"column":6}},"15":{"start":{"line":32,"column":20},"end":{"line":32,"column":54}},"16":{"start":{"line":35,"column":4},"end":{"line":39,"column":5}},"17":{"start":{"line":36,"column":6},"end":{"line":36,"column":36}},"18":{"start":{"line":38,"column":6},"end":{"line":38,"column":65}},"19":{"start":{"line":45,"column":18},"end":{"line":45,"column":48}},"20":{"start":{"line":46,"column":24},"end":{"line":46,"column":62}},"21":{"start":{"line":51,"column":4},"end":{"line":53,"column":5}},"22":{"start":{"line":52,"column":6},"end":{"line":52,"column":23}},"23":{"start":{"line":53,"column":5},"end":{"line":60,"column":5}},"24":{"start":{"line":55,"column":21},"end":{"line":55,"column":50}},"25":{"start":{"line":56,"column":6},"end":{"line":56,"column":61}},"26":{"start":{"line":57,"column":6},"end":{"line":59,"column":7}},"27":{"start":{"line":58,"column":8},"end":{"line":58,"column":55}},"28":{"start":{"line":60,"column":5},"end":{"line":67,"column":5}},"29":{"start":{"line":62,"column":21},"end":{"line":62,"column":38}},"30":{"start":{"line":63,"column":6},"end":{"line":63,"column":62}},"31":{"start":{"line":64,"column":6},"end":{"line":66,"column":7}},"32":{"start":{"line":65,"column":8},"end":{"line":65,"column":55}},"33":{"start":{"line":68,"column":4},"end":{"line":71,"column":5}},"34":{"start":{"line":76,"column":21},"end":{"line":76,"column":52}},"35":{"start":{"line":77,"column":30},"end":{"line":77,"column":36}},"36":{"start":{"line":78,"column":2},"end":{"line":80,"column":3}},"37":{"start":{"line":79,"column":4},"end":{"line":79,"column":35}},"38":{"start":{"line":81,"column":2},"end":{"line":83,"column":3}},"39":{"start":{"line":82,"column":4},"end":{"line":82,"column":37}},"40":{"start":{"line":84,"column":2},"end":{"line":86,"column":3}},"41":{"start":{"line":85,"column":4},"end":{"line":85,"column":34}},"42":{"start":{"line":87,"column":2},"end":{"line":87,"column":31}}},"fnMap":{"0":{"name":"(anonymous_0)","decl":{"start":{"line":4,"column":25},"end":{"line":4,"column":26}},"loc":{"start":{"line":4,"column":55},"end":{"line":73,"column":1}},"line":4},"1":{"name":"setClassModifier","decl":{"start":{"line":75,"column":9},"end":{"line":75,"column":25}},"loc":{"start":{"line":75,"column":35},"end":{"line":88,"column":1}},"line":75}},"branchMap":{"0":{"loc":{"start":{"line":10,"column":2},"end":{"line":72,"column":3}},"type":"if","locations":[{"start":{"line":10,"column":2},"end":{"line":72,"column":3}},{"start":{"line":10,"column":2},"end":{"line":72,"column":3}}],"line":10},"1":{"loc":{"start":{"line":14,"column":4},"end":{"line":23,"column":5}},"type":"if","locations":[{"start":{"line":14,"column":4},"end":{"line":23,"column":5}},{"start":{"line":14,"column":4},"end":{"line":23,"column":5}}],"line":14},"2":{"loc":{"start":{"line":20,"column":21},"end":{"line":20,"column":87}},"type":"cond-expr","locations":[{"start":{"line":20,"column":39},"end":{"line":20,"column":73}},{"start":{"line":20,"column":76},"end":{"line":20,"column":87}}],"line":20},"3":{"loc":{"start":{"line":35,"column":4},"end":{"line":39,"column":5}},"type":"if","locations":[{"start":{"line":35,"column":4},"end":{"line":39,"column":5}},{"start":{"line":35,"column":4},"end":{"line":39,"column":5}}],"line":35},"4":{"loc":{"start":{"line":51,"column":4},"end":{"line":53,"column":5}},"type":"if","locations":[{"start":{"line":51,"column":4},"end":{"line":53,"column":5}},{"start":{"line":51,"column":4},"end":{"line":53,"column":5}}],"line":51},"5":{"loc":{"start":{"line":53,"column":5},"end":{"line":60,"column":5}},"type":"if","locations":[{"start":{"line":53,"column":5},"end":{"line":60,"column":5}},{"start":{"line":53,"column":5},"end":{"line":60,"column":5}}],"line":53},"6":{"loc":{"start":{"line":56,"column":29},"end":{"line":56,"column":57}},"type":"cond-expr","locations":[{"start":{"line":56,"column":42},"end":{"line":56,"column":49}},{"start":{"line":56,"column":52},"end":{"line":56,"column":57}}],"line":56},"7":{"loc":{"start":{"line":57,"column":6},"end":{"line":59,"column":7}},"type":"if","locations":[{"start":{"line":57,"column":6},"end":{"line":59,"column":7}},{"start":{"line":57,"column":6},"end":{"line":59,"column":7}}],"line":57},"8":{"loc":{"start":{"line":60,"column":5},"end":{"line":67,"column":5}},"type":"if","locations":[{"start":{"line":60,"column":5},"end":{"line":67,"column":5}},{"start":{"line":60,"column":5},"end":{"line":67,"column":5}}],"line":60},"9":{"loc":{"start":{"line":63,"column":26},"end":{"line":63,"column":54}},"type":"cond-expr","locations":[{"start":{"line":63,"column":39},"end":{"line":63,"column":46}},{"start":{"line":63,"column":49},"end":{"line":63,"column":54}}],"line":63},"10":{"loc":{"start":{"line":64,"column":6},"end":{"line":66,"column":7}},"type":"if","locations":[{"start":{"line":64,"column":6},"end":{"line":66,"column":7}},{"start":{"line":64,"column":6},"end":{"line":66,"column":7}}],"line":64},"11":{"loc":{"start":{"line":78,"column":2},"end":{"line":80,"column":3}},"type":"if","locations":[{"start":{"line":78,"column":2},"end":{"line":80,"column":3}},{"start":{"line":78,"column":2},"end":{"line":80,"column":3}}],"line":78},"12":{"loc":{"start":{"line":81,"column":2},"end":{"line":83,"column":3}},"type":"if","locations":[{"start":{"line":81,"column":2},"end":{"line":83,"column":3}},{"start":{"line":81,"column":2},"end":{"line":83,"column":3}}],"line":81},"13":{"loc":{"start":{"line":81,"column":5},"end":{"line":81,"column":39}},"type":"binary-expr","locations":[{"start":{"line":81,"column":5},"end":{"line":81,"column":20}},{"start":{"line":81,"column":24},"end":{"line":81,"column":39}}],"line":81},"14":{"loc":{"start":{"line":84,"column":2},"end":{"line":86,"column":3}},"type":"if","locations":[{"start":{"line":84,"column":2},"end":{"line":86,"column":3}},{"start":{"line":84,"column":2},"end":{"line":86,"column":3}}],"line":84}},"s":{"0":1,"1":7,"2":7,"3":7,"4":7,"5":0,"6":0,"7":0,"8":0,"9":0,"10":0,"11":0,"12":0,"13":0,"14":0,"15":7,"16":7,"17":2,"18":5,"19":7,"20":7,"21":7,"22":1,"23":7,"24":4,"25":4,"26":4,"27":2,"28":7,"29":1,"30":1,"31":1,"32":1,"33":7,"34":5,"35":5,"36":5,"37":1,"38":5,"39":1,"40":5,"41":2,"42":5},"f":{"0":7,"1":5},"b":{"0":[0,7],"1":[0,0],"2":[0,0],"3":[2,5],"4":[1,6],"5":[4,3],"6":[1,3],"7":[2,2],"8":[1,6],"9":[0,1],"10":[1,0],"11":[1,4],"12":[1,4],"13":[5,3],"14":[2,3]},"_coverageSchema":"332fd63041d2c1bcb487cc26dd0d5f7d97098a6c","hash":"c88c6016e1ac30f7f99d57e6f9e3abc9dee41e12"}
,"/Users/lukaszsemik/Desktop/cash-organizer/app/src/tests/helper-functions/tester.js": {"path":"/Users/lukaszsemik/Desktop/cash-organizer/app/src/tests/helper-functions/tester.js","statementMap":{"0":{"start":{"line":1,"column":19},"end":{"line":1,"column":32}},"1":{"start":{"line":1,"column":29},"end":{"line":1,"column":32}}},"fnMap":{"0":{"name":"(anonymous_0)","decl":{"start":{"line":1,"column":19},"end":{"line":1,"column":20}},"loc":{"start":{"line":1,"column":29},"end":{"line":1,"column":32}},"line":1}},"branchMap":{},"s":{"0":1,"1":1},"f":{"0":1},"b":{},"_coverageSchema":"332fd63041d2c1bcb487cc26dd0d5f7d97098a6c","hash":"39ad805c0b0be722dba17e56aac321f47d0bd449"}
}
