TN:
SF:/Users/lukaszsemik/Desktop/cash-organizer/app/src/helper-functions/checkWhen.js
FN:4,(anonymous_0)
FN:75,setClassModifier
FNF:2
FNH:2
FNDA:7,(anonymous_0)
FNDA:5,setClassModifier
DA:4,1
DA:6,7
DA:7,7
DA:8,7
DA:10,7
DA:11,0
DA:14,0
DA:16,0
DA:19,0
DA:20,0
DA:21,0
DA:22,0
DA:24,0
DA:25,0
DA:26,0
DA:32,7
DA:35,7
DA:36,2
DA:38,5
DA:45,7
DA:46,7
DA:51,7
DA:52,1
DA:53,7
DA:55,4
DA:56,4
DA:57,4
DA:58,2
DA:60,7
DA:62,1
DA:63,1
DA:64,1
DA:65,1
DA:68,7
DA:76,5
DA:77,5
DA:78,5
DA:79,1
DA:81,5
DA:82,1
DA:84,5
DA:85,2
DA:87,5
LF:43
LH:33
BRDA:10,0,0,0
BRDA:10,0,1,7
BRDA:14,1,0,0
BRDA:14,1,1,0
BRDA:20,2,0,0
BRDA:20,2,1,0
BRDA:35,3,0,2
BRDA:35,3,1,5
BRDA:51,4,0,1
BRDA:51,4,1,6
BRDA:53,5,0,4
BRDA:53,5,1,3
BRDA:56,6,0,1
BRDA:56,6,1,3
BRDA:57,7,0,2
BRDA:57,7,1,2
BRDA:60,8,0,1
BRDA:60,8,1,6
BRDA:63,9,0,0
BRDA:63,9,1,1
BRDA:64,10,0,1
BRDA:64,10,1,0
BRDA:78,11,0,1
BRDA:78,11,1,4
BRDA:81,12,0,1
BRDA:81,12,1,4
BRDA:81,13,0,5
BRDA:81,13,1,3
BRDA:84,14,0,2
BRDA:84,14,1,3
BRF:30
BRH:23
end_of_record
TN:
SF:/Users/lukaszsemik/Desktop/cash-organizer/app/src/tests/helper-functions/tester.js
FN:1,(anonymous_0)
FNF:1
FNH:1
FNDA:1,(anonymous_0)
DA:1,1
LF:1
LH:1
BRF:0
BRH:0
end_of_record
